13:08:46.802 [main] INFO  testCases.TC_001_AccountRegistration -  Starting TC_001_AccountRegistration 
13:08:50.610 [main] INFO  testCases.TC_001_AccountRegistration - Clicked on My Account 
13:08:51.243 [main] INFO  testCases.TC_001_AccountRegistration - Clicked on My Register 
13:08:51.428 [main] INFO  testCases.TC_001_AccountRegistration - Provided First Name
13:08:51.620 [main] INFO  testCases.TC_001_AccountRegistration - Provided Last Name
13:08:51.796 [main] INFO  testCases.TC_001_AccountRegistration - Provided Email
13:08:51.978 [main] INFO  testCases.TC_001_AccountRegistration - Provided Phone Number
13:08:52.091 [main] INFO  testCases.TC_001_AccountRegistration - Provided Password
13:08:52.207 [main] INFO  testCases.TC_001_AccountRegistration - Provided Conform password
13:08:52.276 [main] INFO  testCases.TC_001_AccountRegistration - privacy policy
13:08:52.860 [main] INFO  testCases.TC_001_AccountRegistration - Click On Continue
13:09:02.917 [main] INFO  testCases.TC_001_AccountRegistration - Account Registration Failed 
13:09:38.965 [main] INFO  testCases.TC_001_AccountRegistration -  Starting TC_001_AccountRegistration 
13:09:44.153 [main] INFO  testCases.TC_001_AccountRegistration - Clicked on My Account 
13:09:45.372 [main] INFO  testCases.TC_001_AccountRegistration - Clicked on My Register 
13:09:45.503 [main] INFO  testCases.TC_001_AccountRegistration - Provided First Name
13:09:45.612 [main] INFO  testCases.TC_001_AccountRegistration - Provided Last Name
13:09:45.746 [main] INFO  testCases.TC_001_AccountRegistration - Provided Email
13:09:45.854 [main] INFO  testCases.TC_001_AccountRegistration - Provided Phone Number
13:09:45.957 [main] INFO  testCases.TC_001_AccountRegistration - Provided Password
13:09:46.052 [main] INFO  testCases.TC_001_AccountRegistration - Provided Conform password
13:09:46.123 [main] INFO  testCases.TC_001_AccountRegistration - privacy policy
13:09:48.791 [main] INFO  testCases.TC_001_AccountRegistration - Click On Continue
13:09:48.835 [main] INFO  testCases.TC_001_AccountRegistration - Account Registration Success 
13:09:48.838 [main] INFO  testCases.TC_001_AccountRegistration -  Finished TC_001_AccountRegistration 
11:08:37.696 [main] INFO  testCases.TC_001_AccountRegistration -  Starting TC_001_AccountRegistration 
11:08:37.859 [main] FATAL testCases.TC_001_AccountRegistration - Account Registration Failed 
11:12:37.722 [main] INFO  testCases.TC_001_AccountRegistration -  Starting TC_001_AccountRegistration 
11:12:52.588 [main] INFO  testCases.TC_001_AccountRegistration - Clicked on My Account 
11:12:55.235 [main] INFO  testCases.TC_001_AccountRegistration - Clicked on My Register 
11:12:56.082 [main] INFO  testCases.TC_001_AccountRegistration - Provided First Name
11:12:56.177 [main] INFO  testCases.TC_001_AccountRegistration - Provided Last Name
11:12:56.305 [main] INFO  testCases.TC_001_AccountRegistration - Provided Email
11:12:56.409 [main] INFO  testCases.TC_001_AccountRegistration - Provided Phone Number
11:12:56.505 [main] INFO  testCases.TC_001_AccountRegistration - Provided Password
11:12:56.614 [main] INFO  testCases.TC_001_AccountRegistration - Provided Conform password
11:12:56.681 [main] INFO  testCases.TC_001_AccountRegistration - privacy policy
11:12:58.127 [main] INFO  testCases.TC_001_AccountRegistration - Click On Continue
11:13:00.967 [main] INFO  testCases.TC_001_AccountRegistration - Account Registration Failed 
11:14:41.606 [main] INFO  testCases.TC_001_AccountRegistration -  Starting TC_001_AccountRegistration 
11:14:46.859 [main] INFO  testCases.TC_001_AccountRegistration - Clicked on My Account 
11:14:47.609 [main] INFO  testCases.TC_001_AccountRegistration - Clicked on My Register 
11:14:47.724 [main] INFO  testCases.TC_001_AccountRegistration - Provided First Name
11:14:47.845 [main] INFO  testCases.TC_001_AccountRegistration - Provided Last Name
11:14:47.982 [main] INFO  testCases.TC_001_AccountRegistration - Provided Email
11:14:48.090 [main] INFO  testCases.TC_001_AccountRegistration - Provided Phone Number
11:14:48.256 [main] INFO  testCases.TC_001_AccountRegistration - Provided Password
11:14:48.363 [main] INFO  testCases.TC_001_AccountRegistration - Provided Conform password
11:14:48.432 [main] INFO  testCases.TC_001_AccountRegistration - privacy policy
11:14:51.850 [main] INFO  testCases.TC_001_AccountRegistration - Click On Continue
11:14:51.929 [main] INFO  testCases.TC_001_AccountRegistration - Account Registration Success 
11:14:51.932 [main] INFO  testCases.TC_001_AccountRegistration -  Finished TC_001_AccountRegistration 
11:21:13.237 [TestNG-tests-1] INFO  testCases.TC_001_AccountRegistration -  Starting TC_001_AccountRegistration 
11:21:17.339 [TestNG-tests-1] INFO  testCases.TC_001_AccountRegistration - Clicked on My Account 
11:21:18.175 [TestNG-tests-1] INFO  testCases.TC_001_AccountRegistration - Clicked on My Register 
11:21:18.392 [TestNG-tests-1] INFO  testCases.TC_001_AccountRegistration - Provided First Name
11:21:18.596 [TestNG-tests-1] INFO  testCases.TC_001_AccountRegistration - Provided Last Name
11:21:18.721 [TestNG-tests-1] INFO  testCases.TC_001_AccountRegistration - Provided Email
11:21:18.851 [TestNG-tests-1] INFO  testCases.TC_001_AccountRegistration - Provided Phone Number
11:21:18.972 [TestNG-tests-1] INFO  testCases.TC_001_AccountRegistration - Provided Password
11:21:19.100 [TestNG-tests-1] INFO  testCases.TC_001_AccountRegistration - Provided Conform password
11:21:19.194 [TestNG-tests-1] INFO  testCases.TC_001_AccountRegistration - privacy policy
11:21:21.905 [TestNG-tests-1] INFO  testCases.TC_001_AccountRegistration - Click On Continue
11:21:21.949 [TestNG-tests-1] INFO  testCases.TC_001_AccountRegistration - Account Registration Success 
11:21:21.951 [TestNG-tests-1] INFO  testCases.TC_001_AccountRegistration -  Finished TC_001_AccountRegistration 
11:21:40.681 [TestNG-tests-2] INFO  testCases.TC_001_AccountRegistration -  Starting TC_001_AccountRegistration 
11:21:44.721 [TestNG-tests-2] INFO  testCases.TC_001_AccountRegistration - Clicked on My Account 
11:21:46.601 [TestNG-tests-2] INFO  testCases.TC_001_AccountRegistration - Clicked on My Register 
11:21:47.648 [TestNG-tests-2] INFO  testCases.TC_001_AccountRegistration - Provided First Name
11:21:47.746 [TestNG-tests-2] INFO  testCases.TC_001_AccountRegistration - Provided Last Name
11:21:47.875 [TestNG-tests-2] INFO  testCases.TC_001_AccountRegistration - Provided Email
11:21:47.951 [TestNG-tests-2] INFO  testCases.TC_001_AccountRegistration - Provided Phone Number
11:21:48.029 [TestNG-tests-2] INFO  testCases.TC_001_AccountRegistration - Provided Password
11:21:48.109 [TestNG-tests-2] INFO  testCases.TC_001_AccountRegistration - Provided Conform password
11:21:48.263 [TestNG-tests-2] INFO  testCases.TC_001_AccountRegistration - privacy policy
11:21:51.679 [TestNG-tests-2] INFO  testCases.TC_001_AccountRegistration - Click On Continue
11:21:51.798 [TestNG-tests-2] INFO  testCases.TC_001_AccountRegistration - Account Registration Success 
11:21:51.798 [TestNG-tests-2] INFO  testCases.TC_001_AccountRegistration -  Finished TC_001_AccountRegistration 
11:22:32.822 [TestNG-tests-1] INFO  testCases.TC_001_AccountRegistration -  Starting TC_001_AccountRegistration 
11:22:34.928 [TestNG-tests-2] INFO  testCases.TC_001_AccountRegistration -  Starting TC_001_AccountRegistration 
11:22:46.933 [TestNG-tests-2] INFO  testCases.TC_001_AccountRegistration - Clicked on My Account 
11:22:48.129 [TestNG-tests-1] INFO  testCases.TC_001_AccountRegistration - Clicked on My Account 
11:22:48.953 [TestNG-tests-2] INFO  testCases.TC_001_AccountRegistration - Clicked on My Register 
11:22:49.069 [TestNG-tests-2] INFO  testCases.TC_001_AccountRegistration - Provided First Name
11:22:49.173 [TestNG-tests-2] INFO  testCases.TC_001_AccountRegistration - Provided Last Name
11:22:49.424 [TestNG-tests-2] INFO  testCases.TC_001_AccountRegistration - Provided Email
11:22:49.544 [TestNG-tests-2] INFO  testCases.TC_001_AccountRegistration - Provided Phone Number
11:22:49.863 [TestNG-tests-2] INFO  testCases.TC_001_AccountRegistration - Provided Password
11:22:50.286 [TestNG-tests-2] INFO  testCases.TC_001_AccountRegistration - Provided Conform password
11:22:50.355 [TestNG-tests-2] INFO  testCases.TC_001_AccountRegistration - privacy policy
11:22:50.913 [TestNG-tests-1] INFO  testCases.TC_001_AccountRegistration - Clicked on My Register 
11:22:51.030 [TestNG-tests-1] INFO  testCases.TC_001_AccountRegistration - Provided First Name
11:22:51.153 [TestNG-tests-1] INFO  testCases.TC_001_AccountRegistration - Provided Last Name
11:22:51.299 [TestNG-tests-1] INFO  testCases.TC_001_AccountRegistration - Provided Email
11:22:51.410 [TestNG-tests-1] INFO  testCases.TC_001_AccountRegistration - Provided Phone Number
11:22:51.509 [TestNG-tests-1] INFO  testCases.TC_001_AccountRegistration - Provided Password
11:22:51.651 [TestNG-tests-1] INFO  testCases.TC_001_AccountRegistration - Provided Conform password
11:22:51.743 [TestNG-tests-1] INFO  testCases.TC_001_AccountRegistration - privacy policy
11:22:54.019 [TestNG-tests-2] INFO  testCases.TC_001_AccountRegistration - Click On Continue
11:22:54.064 [TestNG-tests-2] INFO  testCases.TC_001_AccountRegistration - Account Registration Success 
11:22:54.066 [TestNG-tests-2] INFO  testCases.TC_001_AccountRegistration -  Finished TC_001_AccountRegistration 
11:22:55.426 [TestNG-tests-1] INFO  testCases.TC_001_AccountRegistration - Click On Continue
11:22:55.469 [TestNG-tests-1] INFO  testCases.TC_001_AccountRegistration - Account Registration Success 
11:22:55.469 [TestNG-tests-1] INFO  testCases.TC_001_AccountRegistration -  Finished TC_001_AccountRegistration 
11:33:01.132 [main] INFO  testCases.TC_001_AccountRegistration -  Starting TC_001_AccountRegistration 
11:33:06.443 [main] INFO  testCases.TC_001_AccountRegistration - Clicked on My Account 
11:33:07.190 [main] INFO  testCases.TC_001_AccountRegistration - Clicked on My Register 
11:33:07.336 [main] INFO  testCases.TC_001_AccountRegistration - Provided First Name
11:33:07.450 [main] INFO  testCases.TC_001_AccountRegistration - Provided Last Name
11:33:07.564 [main] INFO  testCases.TC_001_AccountRegistration - Provided Email
11:33:07.665 [main] INFO  testCases.TC_001_AccountRegistration - Provided Phone Number
11:33:07.757 [main] INFO  testCases.TC_001_AccountRegistration - Provided Password
11:33:07.853 [main] INFO  testCases.TC_001_AccountRegistration - Provided Conform password
11:33:07.930 [main] INFO  testCases.TC_001_AccountRegistration - privacy policy
11:33:10.673 [main] INFO  testCases.TC_001_AccountRegistration - Click On Continue
11:33:10.719 [main] INFO  testCases.TC_001_AccountRegistration - Account Registration Success 
11:33:10.721 [main] INFO  testCases.TC_001_AccountRegistration -  Finished TC_001_AccountRegistration 
11:41:38.130 [main] INFO  testCases.TC_001_AccountRegistration -  Starting TC_001_AccountRegistration 
11:41:43.103 [main] INFO  testCases.TC_001_AccountRegistration - Clicked on My Account 
11:41:44.075 [main] INFO  testCases.TC_001_AccountRegistration - Clicked on My Register 
11:41:44.213 [main] INFO  testCases.TC_001_AccountRegistration - Provided First Name
11:41:44.314 [main] INFO  testCases.TC_001_AccountRegistration - Provided Last Name
11:41:44.446 [main] INFO  testCases.TC_001_AccountRegistration - Provided Email
11:41:44.550 [main] INFO  testCases.TC_001_AccountRegistration - Provided Phone Number
11:41:44.651 [main] INFO  testCases.TC_001_AccountRegistration - Provided Password
11:41:44.746 [main] INFO  testCases.TC_001_AccountRegistration - Provided Conform password
11:41:44.822 [main] INFO  testCases.TC_001_AccountRegistration - privacy policy
11:41:47.529 [main] INFO  testCases.TC_001_AccountRegistration - Click On Continue
11:41:47.574 [main] INFO  testCases.TC_001_AccountRegistration - Account Registration Success 
11:41:47.576 [main] INFO  testCases.TC_001_AccountRegistration -  Finished TC_001_AccountRegistration 
11:52:42.622 [main] INFO  testCases.TC_001_AccountRegistration -  Starting TC_001_AccountRegistration 
11:52:46.699 [main] INFO  testCases.TC_001_AccountRegistration - Clicked on My Account 
11:52:47.459 [main] INFO  testCases.TC_001_AccountRegistration - Clicked on My Register 
11:52:47.578 [main] INFO  testCases.TC_001_AccountRegistration - Provided First Name
11:52:47.683 [main] INFO  testCases.TC_001_AccountRegistration - Provided Last Name
11:52:47.801 [main] INFO  testCases.TC_001_AccountRegistration - Provided Email
11:52:47.901 [main] INFO  testCases.TC_001_AccountRegistration - Provided Phone Number
11:52:47.995 [main] INFO  testCases.TC_001_AccountRegistration - Provided Password
11:52:48.104 [main] INFO  testCases.TC_001_AccountRegistration - Provided Conform password
11:52:48.180 [main] INFO  testCases.TC_001_AccountRegistration - privacy policy
11:52:50.971 [main] INFO  testCases.TC_001_AccountRegistration - Click On Continue
11:52:51.010 [main] INFO  testCases.TC_001_AccountRegistration - Account Registration Success 
11:52:51.012 [main] INFO  testCases.TC_001_AccountRegistration -  Finished TC_001_AccountRegistration 
12:00:42.603 [main] INFO  testCases.TC_001_AccountRegistration -  Starting TC_001_AccountRegistration 
12:00:47.186 [main] INFO  testCases.TC_001_AccountRegistration - Clicked on My Account 
12:00:48.049 [main] INFO  testCases.TC_001_AccountRegistration - Clicked on My Register 
12:00:48.164 [main] INFO  testCases.TC_001_AccountRegistration - Provided First Name
12:00:48.259 [main] INFO  testCases.TC_001_AccountRegistration - Provided Last Name
12:00:48.364 [main] INFO  testCases.TC_001_AccountRegistration - Provided Email
12:00:48.475 [main] INFO  testCases.TC_001_AccountRegistration - Provided Phone Number
12:00:48.566 [main] INFO  testCases.TC_001_AccountRegistration - Provided Password
12:00:48.658 [main] INFO  testCases.TC_001_AccountRegistration - Provided Conform password
12:00:48.724 [main] INFO  testCases.TC_001_AccountRegistration - privacy policy
12:00:51.457 [main] INFO  testCases.TC_001_AccountRegistration - Click On Continue
12:00:51.501 [main] INFO  testCases.TC_001_AccountRegistration - Account Registration Success 
12:00:51.504 [main] INFO  testCases.TC_001_AccountRegistration -  Finished TC_001_AccountRegistration 
12:03:37.513 [main] INFO  testCases.TC_001_AccountRegistration -  Starting TC_001_AccountRegistration 
12:03:42.646 [main] INFO  testCases.TC_001_AccountRegistration - Clicked on My Account 
12:03:43.518 [main] INFO  testCases.TC_001_AccountRegistration - Clicked on My Register 
12:03:43.644 [main] INFO  testCases.TC_001_AccountRegistration - Provided First Name
12:03:43.754 [main] INFO  testCases.TC_001_AccountRegistration - Provided Last Name
12:03:43.882 [main] INFO  testCases.TC_001_AccountRegistration - Provided Email
12:03:43.994 [main] INFO  testCases.TC_001_AccountRegistration - Provided Phone Number
12:03:44.089 [main] INFO  testCases.TC_001_AccountRegistration - Provided Password
12:03:44.185 [main] INFO  testCases.TC_001_AccountRegistration - Provided Conform password
12:03:44.252 [main] INFO  testCases.TC_001_AccountRegistration - privacy policy
12:03:47.066 [main] INFO  testCases.TC_001_AccountRegistration - Click On Continue
12:03:47.128 [main] INFO  testCases.TC_001_AccountRegistration - Account Registration Success 
12:03:47.131 [main] INFO  testCases.TC_001_AccountRegistration -  Finished TC_001_AccountRegistration 
12:12:02.470 [main] INFO  testCases.TC_001_AccountRegistration -  Starting TC_001_AccountRegistration 
12:12:06.470 [main] INFO  testCases.TC_001_AccountRegistration - Clicked on My Account 
12:12:07.001 [main] INFO  testCases.TC_001_AccountRegistration - Clicked on My Register 
12:12:07.123 [main] INFO  testCases.TC_001_AccountRegistration - Provided First Name
12:12:07.230 [main] INFO  testCases.TC_001_AccountRegistration - Provided Last Name
12:12:07.349 [main] INFO  testCases.TC_001_AccountRegistration - Provided Email
12:12:07.451 [main] INFO  testCases.TC_001_AccountRegistration - Provided Phone Number
12:12:07.544 [main] INFO  testCases.TC_001_AccountRegistration - Provided Password
12:12:07.634 [main] INFO  testCases.TC_001_AccountRegistration - Provided Conform password
12:12:07.711 [main] INFO  testCases.TC_001_AccountRegistration - privacy policy
12:12:10.330 [main] INFO  testCases.TC_001_AccountRegistration - Click On Continue
12:12:10.371 [main] INFO  testCases.TC_001_AccountRegistration - Account Registration Success 
12:12:10.375 [main] INFO  testCases.TC_001_AccountRegistration -  Finished TC_001_AccountRegistration 
12:14:16.850 [main] INFO  testCases.TC_001_AccountRegistration -  Starting TC_001_AccountRegistration 
12:14:20.739 [main] INFO  testCases.TC_001_AccountRegistration - Clicked on My Account 
12:14:21.868 [main] INFO  testCases.TC_001_AccountRegistration - Clicked on My Register 
12:14:21.977 [main] INFO  testCases.TC_001_AccountRegistration - Provided First Name
12:14:22.073 [main] INFO  testCases.TC_001_AccountRegistration - Provided Last Name
12:14:22.211 [main] INFO  testCases.TC_001_AccountRegistration - Provided Email
12:14:22.321 [main] INFO  testCases.TC_001_AccountRegistration - Provided Phone Number
12:14:22.427 [main] INFO  testCases.TC_001_AccountRegistration - Provided Password
12:14:22.528 [main] INFO  testCases.TC_001_AccountRegistration - Provided Conform password
12:14:22.613 [main] INFO  testCases.TC_001_AccountRegistration - privacy policy
12:14:25.304 [main] INFO  testCases.TC_001_AccountRegistration - Click On Continue
12:14:25.349 [main] INFO  testCases.TC_001_AccountRegistration - Account Registration Success 
12:14:25.352 [main] INFO  testCases.TC_001_AccountRegistration -  Finished TC_001_AccountRegistration 
12:14:38.222 [main] INFO  testCases.TC_001_AccountRegistration -  Starting TC_001_AccountRegistration 
12:14:42.406 [main] INFO  testCases.TC_001_AccountRegistration - Clicked on My Account 
12:14:43.301 [main] INFO  testCases.TC_001_AccountRegistration - Clicked on My Register 
12:14:43.426 [main] INFO  testCases.TC_001_AccountRegistration - Provided First Name
12:14:43.525 [main] INFO  testCases.TC_001_AccountRegistration - Provided Last Name
12:14:43.655 [main] INFO  testCases.TC_001_AccountRegistration - Provided Email
12:14:43.769 [main] INFO  testCases.TC_001_AccountRegistration - Provided Phone Number
12:14:43.881 [main] INFO  testCases.TC_001_AccountRegistration - Provided Password
12:14:43.980 [main] INFO  testCases.TC_001_AccountRegistration - Provided Conform password
12:14:44.053 [main] INFO  testCases.TC_001_AccountRegistration - privacy policy
12:14:44.731 [main] INFO  testCases.TC_001_AccountRegistration - Click On Continue
12:14:48.245 [main] INFO  testCases.TC_001_AccountRegistration - Account Registration Failed 
12:14:48.249 [main] FATAL testCases.TC_001_AccountRegistration - Account Registration Failed 
12:17:11.119 [main] INFO  testCases.TC_001_AccountRegistration -  Starting TC_001_AccountRegistration 
12:17:15.062 [main] INFO  testCases.TC_001_AccountRegistration - Clicked on My Account 
12:17:15.716 [main] INFO  testCases.TC_001_AccountRegistration - Clicked on My Register 
12:17:15.843 [main] INFO  testCases.TC_001_AccountRegistration - Provided First Name
12:17:15.950 [main] INFO  testCases.TC_001_AccountRegistration - Provided Last Name
12:17:16.087 [main] INFO  testCases.TC_001_AccountRegistration - Provided Email
12:17:16.190 [main] INFO  testCases.TC_001_AccountRegistration - Provided Phone Number
12:17:16.295 [main] INFO  testCases.TC_001_AccountRegistration - Provided Password
12:17:16.388 [main] INFO  testCases.TC_001_AccountRegistration - Provided Conform password
12:17:16.493 [main] INFO  testCases.TC_001_AccountRegistration - privacy policy
12:17:17.323 [main] INFO  testCases.TC_001_AccountRegistration - Click On Continue
12:17:27.359 [main] INFO  testCases.TC_001_AccountRegistration - Account Registration Failed 
12:19:00.345 [TestNG-tests-1] INFO  testCases.TC_001_AccountRegistration -  Starting TC_001_AccountRegistration 
12:19:02.929 [TestNG-tests-2] INFO  testCases.TC_001_AccountRegistration -  Starting TC_001_AccountRegistration 
12:19:08.945 [TestNG-tests-1] INFO  testCases.TC_001_AccountRegistration - Clicked on My Account 
12:19:10.911 [TestNG-tests-1] INFO  testCases.TC_001_AccountRegistration - Clicked on My Register 
12:19:11.021 [TestNG-tests-1] INFO  testCases.TC_001_AccountRegistration - Provided First Name
12:19:11.145 [TestNG-tests-1] INFO  testCases.TC_001_AccountRegistration - Provided Last Name
12:19:11.298 [TestNG-tests-1] INFO  testCases.TC_001_AccountRegistration - Provided Email
12:19:11.410 [TestNG-tests-1] INFO  testCases.TC_001_AccountRegistration - Provided Phone Number
12:19:11.503 [TestNG-tests-1] INFO  testCases.TC_001_AccountRegistration - Provided Password
12:19:11.594 [TestNG-tests-1] INFO  testCases.TC_001_AccountRegistration - Provided Conform password
12:19:11.670 [TestNG-tests-1] INFO  testCases.TC_001_AccountRegistration - privacy policy
12:19:13.270 [TestNG-tests-1] INFO  testCases.TC_001_AccountRegistration - Click On Continue
12:19:13.911 [TestNG-tests-2] INFO  testCases.TC_001_AccountRegistration - Clicked on My Account 
12:19:15.908 [TestNG-tests-2] INFO  testCases.TC_001_AccountRegistration - Clicked on My Register 
12:19:16.028 [TestNG-tests-2] INFO  testCases.TC_001_AccountRegistration - Provided First Name
12:19:16.154 [TestNG-tests-2] INFO  testCases.TC_001_AccountRegistration - Provided Last Name
12:19:16.277 [TestNG-tests-2] INFO  testCases.TC_001_AccountRegistration - Provided Email
12:19:16.383 [TestNG-tests-2] INFO  testCases.TC_001_AccountRegistration - Provided Phone Number
12:19:16.483 [TestNG-tests-2] INFO  testCases.TC_001_AccountRegistration - Provided Password
12:19:16.590 [TestNG-tests-2] INFO  testCases.TC_001_AccountRegistration - Provided Conform password
12:19:16.653 [TestNG-tests-2] INFO  testCases.TC_001_AccountRegistration - privacy policy
12:19:17.696 [TestNG-tests-2] INFO  testCases.TC_001_AccountRegistration - Click On Continue
12:19:23.346 [TestNG-tests-1] INFO  testCases.TC_001_AccountRegistration - Account Registration Failed 
12:19:27.729 [TestNG-tests-2] INFO  testCases.TC_001_AccountRegistration - Account Registration Failed 
12:15:20.320 [main] INFO  testCases.TC_001_AccountRegistration -  Starting TC_001_AccountRegistration 
12:15:24.547 [main] INFO  testCases.TC_001_AccountRegistration - Clicked on My Account 
12:15:25.636 [main] INFO  testCases.TC_001_AccountRegistration - Clicked on My Register 
12:15:25.748 [main] INFO  testCases.TC_001_AccountRegistration - Provided First Name
12:15:25.861 [main] INFO  testCases.TC_001_AccountRegistration - Provided Last Name
12:15:26.007 [main] INFO  testCases.TC_001_AccountRegistration - Provided Email
12:15:26.105 [main] INFO  testCases.TC_001_AccountRegistration - Provided Phone Number
12:15:26.202 [main] INFO  testCases.TC_001_AccountRegistration - Provided Password
12:15:26.311 [main] INFO  testCases.TC_001_AccountRegistration - Provided Conform password
12:15:26.387 [main] INFO  testCases.TC_001_AccountRegistration - privacy policy
12:15:26.918 [main] INFO  testCases.TC_001_AccountRegistration - Click On Continue
12:15:36.976 [main] INFO  testCases.TC_001_AccountRegistration - Account Registration Failed 
12:15:38.825 [main] INFO  testCases.TC_002_Login - Starting TC_002_Login
12:15:49.413 [main] INFO  testCases.TC_002_Login - Clicked on My Account 
12:15:50.826 [main] INFO  testCases.TC_002_Login - Clicked on Login 
12:15:50.934 [main] INFO  testCases.TC_002_Login - Entered vaild email adress 
12:15:51.038 [main] INFO  testCases.TC_002_Login - Entered vaild password 
12:15:53.163 [main] INFO  testCases.TC_002_Login - Clicked on Login
12:15:53.361 [main] INFO  testCases.TC_002_Login - Login Sucess
12:15:53.362 [main] INFO  testCases.TC_002_Login - Finished TC_002_Login
12:51:28.757 [main] INFO  testCases.TC_001_AccountRegistration -  Starting TC_001_AccountRegistration 
12:51:33.095 [main] INFO  testCases.TC_001_AccountRegistration - Clicked on My Account 
12:51:33.676 [main] INFO  testCases.TC_001_AccountRegistration - Clicked on My Register 
12:51:33.798 [main] INFO  testCases.TC_001_AccountRegistration - Provided First Name
12:51:33.908 [main] INFO  testCases.TC_001_AccountRegistration - Provided Last Name
12:51:34.043 [main] INFO  testCases.TC_001_AccountRegistration - Provided Email
12:51:34.148 [main] INFO  testCases.TC_001_AccountRegistration - Provided Phone Number
12:51:34.250 [main] INFO  testCases.TC_001_AccountRegistration - Provided Password
12:51:34.339 [main] INFO  testCases.TC_001_AccountRegistration - Provided Conform password
12:51:34.415 [main] INFO  testCases.TC_001_AccountRegistration - privacy policy
12:51:35.009 [main] INFO  testCases.TC_001_AccountRegistration - Click On Continue
12:51:45.068 [main] INFO  testCases.TC_001_AccountRegistration - Account Registration Failed 
12:51:46.670 [main] INFO  testCases.TC_002_Login - Starting TC_002_Login
12:51:50.551 [main] INFO  testCases.TC_002_Login - Clicked on My Account 
12:51:51.006 [main] INFO  testCases.TC_002_Login - Clicked on Login 
12:51:51.150 [main] INFO  testCases.TC_002_Login - Entered vaild email adress 
12:51:51.253 [main] INFO  testCases.TC_002_Login - Entered vaild password 
12:51:52.003 [main] INFO  testCases.TC_002_Login - Clicked on Login
12:51:52.054 [main] INFO  testCases.TC_002_Login - Login Sucess
12:51:52.055 [main] INFO  testCases.TC_002_Login - Finished TC_002_Login
12:51:59.105 [main] INFO  testCases.TC_003_LoginDDT -  Starting TC_003_LoginDDT 
12:52:00.714 [main] INFO  testCases.TC_003_LoginDDT - Clicked on My Account 
12:52:02.237 [main] INFO  testCases.TC_003_LoginDDT - Clicked on Login 
12:52:02.387 [main] INFO  testCases.TC_003_LoginDDT - Entered vaild email adress 
12:52:02.501 [main] INFO  testCases.TC_003_LoginDDT - Entered vaild password 
12:52:03.833 [main] INFO  testCases.TC_003_LoginDDT - Clicked on Login
12:52:03.882 [main] INFO  testCases.TC_003_LoginDDT - Login Sucess
12:52:05.266 [main] INFO  testCases.TC_003_LoginDDT -  Finished TC_003_LoginDDT 
12:52:05.271 [main] INFO  testCases.TC_003_LoginDDT -  Starting TC_003_LoginDDT 
12:52:06.075 [main] INFO  testCases.TC_003_LoginDDT - Clicked on My Account 
12:52:06.754 [main] INFO  testCases.TC_003_LoginDDT - Clicked on Login 
12:52:06.936 [main] INFO  testCases.TC_003_LoginDDT - Entered vaild email adress 
12:52:07.055 [main] INFO  testCases.TC_003_LoginDDT - Entered vaild password 
12:52:08.144 [main] INFO  testCases.TC_003_LoginDDT - Clicked on Login
12:52:08.715 [main] INFO  testCases.TC_003_LoginDDT -  Starting TC_003_LoginDDT 
12:52:09.101 [main] INFO  testCases.TC_003_LoginDDT - Clicked on My Account 
12:52:09.580 [main] INFO  testCases.TC_003_LoginDDT - Clicked on Login 
12:52:09.694 [main] INFO  testCases.TC_003_LoginDDT - Entered vaild email adress 
12:52:09.779 [main] INFO  testCases.TC_003_LoginDDT - Entered vaild password 
12:52:10.660 [main] INFO  testCases.TC_003_LoginDDT - Clicked on Login
12:52:11.641 [main] INFO  testCases.TC_003_LoginDDT -  Starting TC_003_LoginDDT 
12:52:12.066 [main] INFO  testCases.TC_003_LoginDDT - Clicked on My Account 
12:52:12.491 [main] INFO  testCases.TC_003_LoginDDT - Clicked on Login 
12:52:12.620 [main] INFO  testCases.TC_003_LoginDDT - Entered vaild email adress 
12:52:12.720 [main] INFO  testCases.TC_003_LoginDDT - Entered vaild password 
12:52:13.528 [main] INFO  testCases.TC_003_LoginDDT - Clicked on Login
12:55:20.970 [main] INFO  testCases.TC_003_LoginDDT -  Starting TC_003_LoginDDT 
12:55:23.244 [main] INFO  testCases.TC_003_LoginDDT - Clicked on My Account 
12:55:23.820 [main] INFO  testCases.TC_003_LoginDDT - Clicked on Login 
12:55:23.940 [main] INFO  testCases.TC_003_LoginDDT - Entered vaild email adress 
12:55:24.033 [main] INFO  testCases.TC_003_LoginDDT - Entered vaild password 
12:55:24.773 [main] INFO  testCases.TC_003_LoginDDT - Clicked on Login
12:55:24.827 [main] INFO  testCases.TC_003_LoginDDT - Login Sucess
12:55:25.500 [main] INFO  testCases.TC_003_LoginDDT -  Finished TC_003_LoginDDT 
12:55:25.521 [main] INFO  testCases.TC_003_LoginDDT -  Starting TC_003_LoginDDT 
12:55:25.924 [main] INFO  testCases.TC_003_LoginDDT - Clicked on My Account 
12:55:26.397 [main] INFO  testCases.TC_003_LoginDDT - Clicked on Login 
12:55:26.502 [main] INFO  testCases.TC_003_LoginDDT - Entered vaild email adress 
12:55:26.588 [main] INFO  testCases.TC_003_LoginDDT - Entered vaild password 
12:55:27.163 [main] INFO  testCases.TC_003_LoginDDT - Clicked on Login
12:55:27.617 [main] INFO  testCases.TC_003_LoginDDT -  Starting TC_003_LoginDDT 
12:55:28.004 [main] INFO  testCases.TC_003_LoginDDT - Clicked on My Account 
12:55:28.373 [main] INFO  testCases.TC_003_LoginDDT - Clicked on Login 
12:55:28.484 [main] INFO  testCases.TC_003_LoginDDT - Entered vaild email adress 
12:55:28.566 [main] INFO  testCases.TC_003_LoginDDT - Entered vaild password 
12:55:29.081 [main] INFO  testCases.TC_003_LoginDDT - Clicked on Login
12:55:29.784 [main] INFO  testCases.TC_003_LoginDDT -  Starting TC_003_LoginDDT 
12:55:30.314 [main] INFO  testCases.TC_003_LoginDDT - Clicked on My Account 
12:55:30.620 [main] INFO  testCases.TC_003_LoginDDT - Clicked on Login 
12:55:30.733 [main] INFO  testCases.TC_003_LoginDDT - Entered vaild email adress 
12:55:30.815 [main] INFO  testCases.TC_003_LoginDDT - Entered vaild password 
12:55:31.358 [main] INFO  testCases.TC_003_LoginDDT - Clicked on Login
12:58:41.399 [main] INFO  testCases.TC_003_LoginDDT -  Starting TC_003_LoginDDT 
12:58:44.331 [main] INFO  testCases.TC_003_LoginDDT - Clicked on My Account 
12:58:44.854 [main] INFO  testCases.TC_003_LoginDDT - Clicked on Login 
12:58:44.984 [main] INFO  testCases.TC_003_LoginDDT - Entered vaild email adress 
12:58:45.086 [main] INFO  testCases.TC_003_LoginDDT - Entered vaild password 
12:58:45.783 [main] INFO  testCases.TC_003_LoginDDT - Clicked on Login
12:58:45.840 [main] INFO  testCases.TC_003_LoginDDT - Login Sucess
12:58:46.336 [main] INFO  testCases.TC_003_LoginDDT -  Finished TC_003_LoginDDT 
12:58:46.360 [main] INFO  testCases.TC_003_LoginDDT -  Starting TC_003_LoginDDT 
12:58:46.739 [main] INFO  testCases.TC_003_LoginDDT - Clicked on My Account 
12:58:47.616 [main] INFO  testCases.TC_003_LoginDDT - Clicked on Login 
12:58:47.741 [main] INFO  testCases.TC_003_LoginDDT - Entered vaild email adress 
12:58:47.816 [main] INFO  testCases.TC_003_LoginDDT - Entered vaild password 
12:58:48.367 [main] INFO  testCases.TC_003_LoginDDT - Clicked on Login
12:58:58.428 [main] ERROR testCases.TC_003_LoginDDT - Login Failed 
12:58:58.429 [main] INFO  testCases.TC_003_LoginDDT -  Finished TC_003_LoginDDT 
12:58:58.432 [main] INFO  testCases.TC_003_LoginDDT -  Starting TC_003_LoginDDT 
12:58:58.919 [main] INFO  testCases.TC_003_LoginDDT - Clicked on My Account 
12:58:59.578 [main] INFO  testCases.TC_003_LoginDDT - Clicked on Login 
12:58:59.697 [main] INFO  testCases.TC_003_LoginDDT - Entered vaild email adress 
12:58:59.781 [main] INFO  testCases.TC_003_LoginDDT - Entered vaild password 
12:59:00.469 [main] INFO  testCases.TC_003_LoginDDT - Clicked on Login
12:59:10.537 [main] ERROR testCases.TC_003_LoginDDT - Login Failed 
12:59:10.537 [main] INFO  testCases.TC_003_LoginDDT -  Finished TC_003_LoginDDT 
12:59:10.545 [main] INFO  testCases.TC_003_LoginDDT -  Starting TC_003_LoginDDT 
12:59:11.042 [main] INFO  testCases.TC_003_LoginDDT - Clicked on My Account 
12:59:11.613 [main] INFO  testCases.TC_003_LoginDDT - Clicked on Login 
12:59:11.739 [main] INFO  testCases.TC_003_LoginDDT - Entered vaild email adress 
12:59:11.817 [main] INFO  testCases.TC_003_LoginDDT - Entered vaild password 
12:59:12.833 [main] INFO  testCases.TC_003_LoginDDT - Clicked on Login
12:59:22.883 [main] ERROR testCases.TC_003_LoginDDT - Login Failed 
12:59:22.883 [main] INFO  testCases.TC_003_LoginDDT -  Finished TC_003_LoginDDT 
13:10:47.036 [main] INFO  testCases.TC_001_AccountRegistration -  Starting TC_001_AccountRegistration 
13:10:51.374 [main] INFO  testCases.TC_001_AccountRegistration - Clicked on My Account 
13:10:51.901 [main] INFO  testCases.TC_001_AccountRegistration - Clicked on My Register 
13:10:52.032 [main] INFO  testCases.TC_001_AccountRegistration - Provided First Name
13:10:52.141 [main] INFO  testCases.TC_001_AccountRegistration - Provided Last Name
13:10:52.262 [main] INFO  testCases.TC_001_AccountRegistration - Provided Email
13:10:52.360 [main] INFO  testCases.TC_001_AccountRegistration - Provided Phone Number
13:10:52.455 [main] INFO  testCases.TC_001_AccountRegistration - Provided Password
13:10:52.543 [main] INFO  testCases.TC_001_AccountRegistration - Provided Conform password
13:10:52.607 [main] INFO  testCases.TC_001_AccountRegistration - privacy policy
13:10:55.206 [main] INFO  testCases.TC_001_AccountRegistration - Click On Continue
13:10:55.245 [main] INFO  testCases.TC_001_AccountRegistration - Account Registration Success 
13:10:55.252 [main] INFO  testCases.TC_001_AccountRegistration -  Finished TC_001_AccountRegistration 
13:10:56.512 [main] INFO  testCases.TC_002_Login - Starting TC_002_Login
13:11:00.653 [main] INFO  testCases.TC_002_Login - Clicked on My Account 
13:11:01.059 [main] INFO  testCases.TC_002_Login - Clicked on Login 
13:11:01.180 [main] INFO  testCases.TC_002_Login - Entered vaild email adress 
13:11:01.277 [main] INFO  testCases.TC_002_Login - Entered vaild password 
13:11:02.158 [main] INFO  testCases.TC_002_Login - Clicked on Login
13:11:02.211 [main] INFO  testCases.TC_002_Login - Login Sucess
13:11:02.211 [main] INFO  testCases.TC_002_Login - Finished TC_002_Login
13:11:04.829 [main] INFO  testCases.TC_003_LoginDDT -  Starting TC_003_LoginDDT 
13:11:07.828 [main] INFO  testCases.TC_003_LoginDDT - Clicked on My Account 
13:11:08.351 [main] INFO  testCases.TC_003_LoginDDT - Clicked on Login 
13:11:08.502 [main] INFO  testCases.TC_003_LoginDDT - Entered vaild email adress 
13:11:08.616 [main] INFO  testCases.TC_003_LoginDDT - Entered vaild password 
13:11:09.542 [main] INFO  testCases.TC_003_LoginDDT - Clicked on Login
13:11:09.603 [main] INFO  testCases.TC_003_LoginDDT - Login Sucess
13:11:14.616 [main] INFO  testCases.TC_003_LoginDDT -  Finished TC_003_LoginDDT 
13:11:14.621 [main] INFO  testCases.TC_003_LoginDDT -  Starting TC_003_LoginDDT 
13:11:15.719 [main] INFO  testCases.TC_003_LoginDDT - Clicked on My Account 
13:11:16.283 [main] INFO  testCases.TC_003_LoginDDT - Clicked on Login 
13:11:16.426 [main] INFO  testCases.TC_003_LoginDDT - Entered vaild email adress 
13:11:16.529 [main] INFO  testCases.TC_003_LoginDDT - Entered vaild password 
13:11:17.251 [main] INFO  testCases.TC_003_LoginDDT - Clicked on Login
13:11:27.266 [main] ERROR testCases.TC_003_LoginDDT - Login Failed 
13:11:27.266 [main] INFO  testCases.TC_003_LoginDDT -  Finished TC_003_LoginDDT 
13:11:27.275 [main] INFO  testCases.TC_003_LoginDDT -  Starting TC_003_LoginDDT 
13:11:27.850 [main] INFO  testCases.TC_003_LoginDDT - Clicked on My Account 
13:11:28.311 [main] INFO  testCases.TC_003_LoginDDT - Clicked on Login 
13:11:28.431 [main] INFO  testCases.TC_003_LoginDDT - Entered vaild email adress 
13:11:28.530 [main] INFO  testCases.TC_003_LoginDDT - Entered vaild password 
13:11:28.924 [main] INFO  testCases.TC_003_LoginDDT - Clicked on Login
13:11:38.988 [main] ERROR testCases.TC_003_LoginDDT - Login Failed 
13:11:38.989 [main] INFO  testCases.TC_003_LoginDDT -  Finished TC_003_LoginDDT 
13:11:38.993 [main] INFO  testCases.TC_003_LoginDDT -  Starting TC_003_LoginDDT 
13:11:39.488 [main] INFO  testCases.TC_003_LoginDDT - Clicked on My Account 
13:11:40.016 [main] INFO  testCases.TC_003_LoginDDT - Clicked on Login 
13:11:40.136 [main] INFO  testCases.TC_003_LoginDDT - Entered vaild email adress 
13:11:40.224 [main] INFO  testCases.TC_003_LoginDDT - Entered vaild password 
13:11:41.170 [main] INFO  testCases.TC_003_LoginDDT - Clicked on Login
13:11:51.224 [main] ERROR testCases.TC_003_LoginDDT - Login Failed 
13:11:51.225 [main] INFO  testCases.TC_003_LoginDDT -  Finished TC_003_LoginDDT 
15:58:13.997 [main] INFO  testCases.TC_001_AccountRegistration -  Starting TC_001_AccountRegistration 
15:58:22.774 [main] INFO  testCases.TC_001_AccountRegistration - Clicked on My Account 
15:58:24.420 [main] INFO  testCases.TC_001_AccountRegistration - Clicked on My Register 
15:58:24.545 [main] INFO  testCases.TC_001_AccountRegistration - Provided First Name
15:58:24.658 [main] INFO  testCases.TC_001_AccountRegistration - Provided Last Name
15:58:24.777 [main] INFO  testCases.TC_001_AccountRegistration - Provided Email
15:58:24.882 [main] INFO  testCases.TC_001_AccountRegistration - Provided Phone Number
15:58:24.974 [main] INFO  testCases.TC_001_AccountRegistration - Provided Password
15:58:25.080 [main] INFO  testCases.TC_001_AccountRegistration - Provided Conform password
15:58:25.147 [main] INFO  testCases.TC_001_AccountRegistration - privacy policy
15:58:28.547 [main] INFO  testCases.TC_001_AccountRegistration - Click On Continue
15:58:28.598 [main] INFO  testCases.TC_001_AccountRegistration - Account Registration Success 
15:58:28.601 [main] INFO  testCases.TC_001_AccountRegistration -  Finished TC_001_AccountRegistration 
15:58:31.119 [main] INFO  testCases.TC_002_Login - Starting TC_002_Login
15:58:36.777 [main] INFO  testCases.TC_002_Login - Clicked on My Account 
15:58:37.229 [main] INFO  testCases.TC_002_Login - Clicked on Login 
15:58:37.362 [main] INFO  testCases.TC_002_Login - Entered vaild email adress 
15:58:37.478 [main] INFO  testCases.TC_002_Login - Entered vaild password 
15:58:38.380 [main] INFO  testCases.TC_002_Login - Clicked on Login
15:58:38.429 [main] INFO  testCases.TC_002_Login - Login Sucess
15:58:38.429 [main] INFO  testCases.TC_002_Login - Finished TC_002_Login
16:03:09.736 [main] INFO  testCases.TC_001_AccountRegistration -  Starting TC_001_AccountRegistration 
16:03:17.410 [main] INFO  testCases.TC_001_AccountRegistration - Clicked on My Account 
16:03:18.237 [main] INFO  testCases.TC_001_AccountRegistration - Clicked on My Register 
16:03:18.349 [main] INFO  testCases.TC_001_AccountRegistration - Provided First Name
16:03:18.457 [main] INFO  testCases.TC_001_AccountRegistration - Provided Last Name
16:03:18.570 [main] INFO  testCases.TC_001_AccountRegistration - Provided Email
16:03:18.673 [main] INFO  testCases.TC_001_AccountRegistration - Provided Phone Number
16:03:18.770 [main] INFO  testCases.TC_001_AccountRegistration - Provided Password
16:03:18.875 [main] INFO  testCases.TC_001_AccountRegistration - Provided Conform password
16:03:18.960 [main] INFO  testCases.TC_001_AccountRegistration - privacy policy
16:03:21.677 [main] INFO  testCases.TC_001_AccountRegistration - Click On Continue
16:03:21.724 [main] INFO  testCases.TC_001_AccountRegistration - Account Registration Success 
16:03:21.727 [main] INFO  testCases.TC_001_AccountRegistration -  Finished TC_001_AccountRegistration 
16:03:23.704 [main] INFO  testCases.TC_002_Login - Starting TC_002_Login
16:03:29.091 [main] INFO  testCases.TC_002_Login - Clicked on My Account 
16:03:30.254 [main] INFO  testCases.TC_002_Login - Clicked on Login 
16:03:30.384 [main] INFO  testCases.TC_002_Login - Entered vaild email adress 
16:03:30.480 [main] INFO  testCases.TC_002_Login - Entered vaild password 
16:03:31.455 [main] INFO  testCases.TC_002_Login - Clicked on Login
16:03:31.512 [main] INFO  testCases.TC_002_Login - Login Sucess
16:03:31.512 [main] INFO  testCases.TC_002_Login - Finished TC_002_Login
16:03:36.620 [main] INFO  testCases.TC_003_LoginDDT -  Starting TC_003_LoginDDT 
16:03:39.874 [main] INFO  testCases.TC_003_LoginDDT - Clicked on My Account 
16:03:40.285 [main] INFO  testCases.TC_003_LoginDDT - Clicked on Login 
16:03:40.403 [main] INFO  testCases.TC_003_LoginDDT - Entered vaild email adress 
16:03:40.508 [main] INFO  testCases.TC_003_LoginDDT - Entered vaild password 
16:03:41.139 [main] INFO  testCases.TC_003_LoginDDT - Clicked on Login
16:03:41.182 [main] INFO  testCases.TC_003_LoginDDT - Login Sucess
16:03:41.660 [main] INFO  testCases.TC_003_LoginDDT -  Finished TC_003_LoginDDT 
16:03:41.661 [main] INFO  testCases.TC_003_LoginDDT -  Starting TC_003_LoginDDT 
16:03:42.069 [main] INFO  testCases.TC_003_LoginDDT - Clicked on My Account 
16:03:42.488 [main] INFO  testCases.TC_003_LoginDDT - Clicked on Login 
16:03:42.610 [main] INFO  testCases.TC_003_LoginDDT - Entered vaild email adress 
16:03:42.697 [main] INFO  testCases.TC_003_LoginDDT - Entered vaild password 
16:03:43.394 [main] INFO  testCases.TC_003_LoginDDT - Clicked on Login
16:03:53.414 [main] ERROR testCases.TC_003_LoginDDT - Login Failed 
16:03:53.414 [main] INFO  testCases.TC_003_LoginDDT -  Finished TC_003_LoginDDT 
16:03:53.415 [main] INFO  testCases.TC_003_LoginDDT -  Starting TC_003_LoginDDT 
16:03:53.907 [main] INFO  testCases.TC_003_LoginDDT - Clicked on My Account 
16:03:54.271 [main] INFO  testCases.TC_003_LoginDDT - Clicked on Login 
16:03:54.388 [main] INFO  testCases.TC_003_LoginDDT - Entered vaild email adress 
16:03:54.472 [main] INFO  testCases.TC_003_LoginDDT - Entered vaild password 
16:03:54.967 [main] INFO  testCases.TC_003_LoginDDT - Clicked on Login
16:04:04.989 [main] ERROR testCases.TC_003_LoginDDT - Login Failed 
16:04:04.990 [main] INFO  testCases.TC_003_LoginDDT -  Finished TC_003_LoginDDT 
16:04:04.990 [main] INFO  testCases.TC_003_LoginDDT -  Starting TC_003_LoginDDT 
16:04:05.854 [main] INFO  testCases.TC_003_LoginDDT - Clicked on My Account 
16:04:06.588 [main] INFO  testCases.TC_003_LoginDDT - Clicked on Login 
16:04:06.795 [main] INFO  testCases.TC_003_LoginDDT - Entered vaild email adress 
16:04:06.887 [main] INFO  testCases.TC_003_LoginDDT - Entered vaild password 
16:04:07.491 [main] INFO  testCases.TC_003_LoginDDT - Clicked on Login
16:04:17.560 [main] ERROR testCases.TC_003_LoginDDT - Login Failed 
16:04:17.560 [main] INFO  testCases.TC_003_LoginDDT -  Finished TC_003_LoginDDT 
16:10:43.311 [main] INFO  testCases.TC_001_AccountRegistration -  Starting TC_001_AccountRegistration 
16:10:48.344 [main] INFO  testCases.TC_001_AccountRegistration - Clicked on My Account 
16:10:49.127 [main] INFO  testCases.TC_001_AccountRegistration - Clicked on My Register 
16:10:49.254 [main] INFO  testCases.TC_001_AccountRegistration - Provided First Name
16:10:49.373 [main] INFO  testCases.TC_001_AccountRegistration - Provided Last Name
16:10:49.479 [main] INFO  testCases.TC_001_AccountRegistration - Provided Email
16:10:49.580 [main] INFO  testCases.TC_001_AccountRegistration - Provided Phone Number
16:10:49.671 [main] INFO  testCases.TC_001_AccountRegistration - Provided Password
16:10:49.783 [main] INFO  testCases.TC_001_AccountRegistration - Provided Conform password
16:10:49.850 [main] INFO  testCases.TC_001_AccountRegistration - privacy policy
16:10:52.588 [main] INFO  testCases.TC_001_AccountRegistration - Click On Continue
16:10:52.636 [main] INFO  testCases.TC_001_AccountRegistration - Account Registration Success 
16:10:52.641 [main] INFO  testCases.TC_001_AccountRegistration -  Finished TC_001_AccountRegistration 
16:10:54.363 [main] INFO  testCases.TC_002_Login - Starting TC_002_Login
16:10:58.741 [main] INFO  testCases.TC_002_Login - Clicked on My Account 
16:10:59.672 [main] INFO  testCases.TC_002_Login - Clicked on Login 
16:10:59.798 [main] INFO  testCases.TC_002_Login - Entered vaild email adress 
16:10:59.904 [main] INFO  testCases.TC_002_Login - Entered vaild password 
16:11:00.845 [main] INFO  testCases.TC_002_Login - Clicked on Login
16:11:00.905 [main] INFO  testCases.TC_002_Login - Login Sucess
16:11:00.905 [main] INFO  testCases.TC_002_Login - Finished TC_002_Login
16:11:19.934 [main] INFO  testCases.TC_003_LoginDDT -  Starting TC_003_LoginDDT 
16:11:24.435 [main] INFO  testCases.TC_003_LoginDDT - Clicked on My Account 
16:11:25.419 [main] INFO  testCases.TC_003_LoginDDT - Clicked on Login 
16:11:25.570 [main] INFO  testCases.TC_003_LoginDDT - Entered vaild email adress 
16:11:25.686 [main] INFO  testCases.TC_003_LoginDDT - Entered vaild password 
16:11:26.387 [main] INFO  testCases.TC_003_LoginDDT - Clicked on Login
16:11:26.435 [main] INFO  testCases.TC_003_LoginDDT - Login Sucess
16:11:27.165 [main] INFO  testCases.TC_003_LoginDDT -  Finished TC_003_LoginDDT 
16:11:27.166 [main] INFO  testCases.TC_003_LoginDDT -  Starting TC_003_LoginDDT 
16:11:27.584 [main] INFO  testCases.TC_003_LoginDDT - Clicked on My Account 
16:11:28.647 [main] INFO  testCases.TC_003_LoginDDT - Clicked on Login 
16:11:28.784 [main] INFO  testCases.TC_003_LoginDDT - Entered vaild email adress 
16:11:28.860 [main] INFO  testCases.TC_003_LoginDDT - Entered vaild password 
16:11:29.490 [main] INFO  testCases.TC_003_LoginDDT - Clicked on Login
16:11:39.558 [main] ERROR testCases.TC_003_LoginDDT - Login Failed 
16:11:39.558 [main] INFO  testCases.TC_003_LoginDDT -  Finished TC_003_LoginDDT 
16:11:39.559 [main] INFO  testCases.TC_003_LoginDDT -  Starting TC_003_LoginDDT 
16:11:40.009 [main] INFO  testCases.TC_003_LoginDDT - Clicked on My Account 
16:11:40.369 [main] INFO  testCases.TC_003_LoginDDT - Clicked on Login 
16:11:40.476 [main] INFO  testCases.TC_003_LoginDDT - Entered vaild email adress 
16:11:40.559 [main] INFO  testCases.TC_003_LoginDDT - Entered vaild password 
16:11:40.879 [main] INFO  testCases.TC_003_LoginDDT - Clicked on Login
16:11:50.915 [main] ERROR testCases.TC_003_LoginDDT - Login Failed 
16:11:50.915 [main] INFO  testCases.TC_003_LoginDDT -  Finished TC_003_LoginDDT 
16:11:50.916 [main] INFO  testCases.TC_003_LoginDDT -  Starting TC_003_LoginDDT 
16:11:51.419 [main] INFO  testCases.TC_003_LoginDDT - Clicked on My Account 
16:11:52.495 [main] INFO  testCases.TC_003_LoginDDT - Clicked on Login 
16:11:52.609 [main] INFO  testCases.TC_003_LoginDDT - Entered vaild email adress 
16:11:52.689 [main] INFO  testCases.TC_003_LoginDDT - Entered vaild password 
16:11:53.480 [main] INFO  testCases.TC_003_LoginDDT - Clicked on Login
16:12:03.513 [main] ERROR testCases.TC_003_LoginDDT - Login Failed 
16:12:03.513 [main] INFO  testCases.TC_003_LoginDDT -  Finished TC_003_LoginDDT 
16:39:10.316 [main] INFO  testCases.TC_001_AccountRegistration -  Starting TC_001_AccountRegistration 
16:39:14.664 [main] INFO  testCases.TC_001_AccountRegistration - Clicked on My Account 
16:39:15.371 [main] INFO  testCases.TC_001_AccountRegistration - Clicked on My Register 
16:39:15.498 [main] INFO  testCases.TC_001_AccountRegistration - Provided First Name
16:39:15.611 [main] INFO  testCases.TC_001_AccountRegistration - Provided Last Name
16:39:15.737 [main] INFO  testCases.TC_001_AccountRegistration - Provided Email
16:39:15.833 [main] INFO  testCases.TC_001_AccountRegistration - Provided Phone Number
16:39:15.922 [main] INFO  testCases.TC_001_AccountRegistration - Provided Password
16:39:16.030 [main] INFO  testCases.TC_001_AccountRegistration - Provided Conform password
16:39:16.108 [main] INFO  testCases.TC_001_AccountRegistration - privacy policy
16:39:18.694 [main] INFO  testCases.TC_001_AccountRegistration - Click On Continue
16:39:18.736 [main] INFO  testCases.TC_001_AccountRegistration - Account Registration Success 
16:39:18.740 [main] INFO  testCases.TC_001_AccountRegistration -  Finished TC_001_AccountRegistration 
16:39:36.592 [main] INFO  testCases.TC_002_Login - Starting TC_002_Login
16:39:40.606 [main] INFO  testCases.TC_002_Login - Clicked on My Account 
16:39:41.128 [main] INFO  testCases.TC_002_Login - Clicked on Login 
16:39:41.261 [main] INFO  testCases.TC_002_Login - Entered vaild email adress 
16:39:41.365 [main] INFO  testCases.TC_002_Login - Entered vaild password 
16:39:42.551 [main] INFO  testCases.TC_002_Login - Clicked on Login
16:39:42.612 [main] INFO  testCases.TC_002_Login - Login Sucess
16:39:42.612 [main] INFO  testCases.TC_002_Login - Finished TC_002_Login
16:40:01.819 [main] INFO  testCases.TC_003_LoginDDT -  Starting TC_003_LoginDDT 
16:40:04.568 [main] INFO  testCases.TC_003_LoginDDT - Clicked on My Account 
16:40:05.125 [main] INFO  testCases.TC_003_LoginDDT - Clicked on Login 
16:40:05.246 [main] INFO  testCases.TC_003_LoginDDT - Entered vaild email adress 
16:40:05.336 [main] INFO  testCases.TC_003_LoginDDT - Entered vaild password 
16:40:06.158 [main] INFO  testCases.TC_003_LoginDDT - Clicked on Login
16:40:06.237 [main] INFO  testCases.TC_003_LoginDDT - Login Sucess
16:40:06.720 [main] INFO  testCases.TC_003_LoginDDT -  Finished TC_003_LoginDDT 
16:40:06.722 [main] INFO  testCases.TC_003_LoginDDT -  Starting TC_003_LoginDDT 
16:40:07.138 [main] INFO  testCases.TC_003_LoginDDT - Clicked on My Account 
16:40:07.504 [main] INFO  testCases.TC_003_LoginDDT - Clicked on Login 
16:40:07.628 [main] INFO  testCases.TC_003_LoginDDT - Entered vaild email adress 
16:40:07.713 [main] INFO  testCases.TC_003_LoginDDT - Entered vaild password 
16:40:08.384 [main] INFO  testCases.TC_003_LoginDDT - Clicked on Login
16:40:18.394 [main] ERROR testCases.TC_003_LoginDDT - Login Failed 
16:40:18.394 [main] INFO  testCases.TC_003_LoginDDT -  Finished TC_003_LoginDDT 
16:40:18.410 [main] INFO  testCases.TC_003_LoginDDT -  Starting TC_003_LoginDDT 
16:40:18.834 [main] INFO  testCases.TC_003_LoginDDT - Clicked on My Account 
16:40:19.216 [main] INFO  testCases.TC_003_LoginDDT - Clicked on Login 
16:40:19.339 [main] INFO  testCases.TC_003_LoginDDT - Entered vaild email adress 
